2021-02-19 10:00:21 [root] WARNING: 尝试从:https://finance.sina.com.cn/爬取
2021-02-19 10:00:25 [root] WARNING: 爬取新页面:https://finance.sina.com.cn/chanjing/gsnews/2021-02-19/doc-ikftpnny7821002.shtml,存储了8个tag,778字,数据库id为42696240000000
2021-02-19 10:01:02 [root] WARNING: 尝试从:https://finance.sina.com.cn/爬取
2021-02-19 10:01:02 [root] WARNING: 尝试从:https://news.baidu.com/finance爬取
2021-02-19 10:01:03 [root] WARNING: 爬取新页面:http://baijiahao.baidu.com/s?id=1692085949981137037,存储了7个tag,1354字,数据库id为42696620000000
2021-02-19 10:01:03 [root] WARNING: 爬取新页面:http://baijiahao.baidu.com/s?id=1692085688786251741,存储了5个tag,875字,数据库id为42696630000000
2021-02-19 10:01:03 [root] WARNING: 爬取新页面:http://baijiahao.baidu.com/s?id=1692086250243093951,存储了6个tag,730字,数据库id为42696630000001
2021-02-19 10:01:03 [root] WARNING: 爬取新页面:http://baijiahao.baidu.com/s?id=1692083837594544870,存储了6个tag,4704字,数据库id为42696630000002
2021-02-19 10:01:03 [root] WARNING: 爬取新页面:http://baijiahao.baidu.com/s?id=1692086209097240694,存储了6个tag,563字,数据库id为42696630000003
2021-02-19 10:01:03 [root] WARNING: 爬取新页面:http://baijiahao.baidu.com/s?id=1692085193427820821,存储了7个tag,1685字,数据库id为42696630000004
2021-02-19 10:01:03 [root] WARNING: 爬取新页面:http://baijiahao.baidu.com/s?id=1692084374000335041,存储了8个tag,1400字,数据库id为42696630000005
2021-02-19 10:01:03 [root] WARNING: 爬取新页面:http://baijiahao.baidu.com/s?id=1692086382795324742,存储了6个tag,484字,数据库id为42696630000006
2021-02-19 10:01:03 [root] WARNING: 爬取新页面:http://baijiahao.baidu.com/s?id=1692085980369021901,存储了6个tag,3438字,数据库id为42696630000007
2021-02-19 10:01:04 [root] WARNING: 爬取新页面:http://baijiahao.baidu.com/s?id=1692078950500863686,存储了4个tag,628字,数据库id为42696630000008
2021-02-19 10:01:05 [root] WARNING: 爬取新页面:https://finance.sina.com.cn/stock/gujiayidong/2021-02-19/doc-ikftssap6898782.shtml,存储了3个tag,374字,数据库id为42696650000000
2021-02-19 10:02:02 [root] WARNING: 尝试从:https://finance.sina.com.cn/爬取
2021-02-19 10:02:02 [root] WARNING: 尝试从:https://news.baidu.com/finance爬取
2021-02-19 10:03:02 [root] WARNING: 尝试从:https://finance.sina.com.cn/爬取
2021-02-19 10:03:02 [root] WARNING: 尝试从:https://news.baidu.com/finance爬取
2021-02-19 10:04:02 [root] WARNING: 尝试从:https://news.baidu.com/finance爬取
2021-02-19 10:04:02 [root] WARNING: 尝试从:https://finance.sina.com.cn/爬取
2021-02-19 10:04:03 [root] WARNING: 爬取新页面:http://baijiahao.baidu.com/s?id=1692077223108702455,存储了7个tag,5283字,数据库id为42698420000001
2021-02-19 10:04:03 [root] WARNING: 爬取新页面:http://baijiahao.baidu.com/s?id=1692076751344199587,存储了8个tag,823字,数据库id为42698430000000
2021-02-19 10:04:03 [root] WARNING: 爬取新页面:http://baijiahao.baidu.com/s?id=1692078269183880871,存储了6个tag,2582字,数据库id为42698430000001
2021-02-19 10:04:03 [root] WARNING: 爬取新页面:http://baijiahao.baidu.com/s?id=1692076953628976363,存储了4个tag,1252字,数据库id为42698430000002
2021-02-19 10:04:03 [root] WARNING: 爬取新页面:http://baijiahao.baidu.com/s?id=1692079575342173963,存储了8个tag,2635字,数据库id为42698430000003
2021-02-19 10:04:03 [root] WARNING: 爬取新页面:http://baijiahao.baidu.com/s?id=1692079648039949174,存储了8个tag,455字,数据库id为42698430000004
2021-02-19 10:05:02 [root] WARNING: 尝试从:https://news.baidu.com/finance爬取
2021-02-19 10:05:02 [root] WARNING: 尝试从:https://finance.sina.com.cn/爬取
2021-02-19 10:06:01 [root] WARNING: 尝试从:https://news.baidu.com/finance爬取
2021-02-19 10:06:02 [root] WARNING: 尝试从:https://finance.sina.com.cn/爬取
2021-02-19 10:06:05 [root] WARNING: 爬取新页面:https://finance.sina.com.cn/stock/gujiayidong/2021-02-19/doc-ikftssap6902295.shtml,存储了4个tag,198字,数据库id为42699640000000
2021-02-19 10:07:02 [root] WARNING: 尝试从:https://finance.sina.com.cn/爬取
2021-02-19 10:07:02 [root] WARNING: 尝试从:https://news.baidu.com/finance爬取
2021-02-19 10:08:02 [root] WARNING: 尝试从:https://finance.sina.com.cn/爬取
2021-02-19 10:08:02 [root] WARNING: 尝试从:https://news.baidu.com/finance爬取
2021-02-19 10:09:02 [root] WARNING: 尝试从:https://news.baidu.com/finance爬取
2021-02-19 10:09:02 [root] WARNING: 尝试从:https://finance.sina.com.cn/爬取
2021-02-19 10:10:02 [root] WARNING: 尝试从:https://news.baidu.com/finance爬取
2021-02-19 10:10:02 [root] WARNING: 尝试从:https://finance.sina.com.cn/爬取
2021-02-19 10:11:02 [root] WARNING: 尝试从:https://news.baidu.com/finance爬取
2021-02-19 10:11:02 [root] WARNING: 尝试从:https://finance.sina.com.cn/爬取
2021-02-19 10:11:03 [root] WARNING: 爬取新页面:https://finance.sina.com.cn/blockchain/coin/2021-02-19/doc-ikftpnny7860111.shtml,存储了5个tag,1127字,数据库id为42702620000000
2021-02-19 10:11:04 [root] WARNING: 爬取新页面:https://finance.sina.com.cn/stock/gujiayidong/2021-02-19/doc-ikftssap6906085.shtml,存储了5个tag,212字,数据库id为42702640000000
2021-02-19 10:11:06 [root] WARNING: 爬取新页面:https://finance.sina.com.cn/stock/s/2021-02-18/doc-ikftpnny7524671.shtml,存储了6个tag,1518字,数据库id为42702660000000
2021-02-19 10:11:06 [root] WARNING: 爬取新页面:https://finance.sina.com.cn/stock/newstock/zrzdt/2021-02-19/doc-ikftpnny7878544.shtml,存储了7个tag,3221字,数据库id为42702660000001
2021-02-19 10:11:06 [root] WARNING: 爬取新页面:https://finance.sina.com.cn/stock/s/2021-02-19/doc-ikftpnny7555395.shtml,存储了8个tag,1368字,数据库id为42702660000002
2021-02-19 10:11:06 [root] WARNING: 爬取新页面:https://finance.sina.com.cn/stock/s/2021-02-09/doc-ikftssap4917844.shtml,存储了8个tag,2705字,数据库id为42702660000003
2021-02-19 10:12:02 [root] WARNING: 尝试从:https://news.baidu.com/finance爬取
2021-02-19 10:12:02 [root] WARNING: 尝试从:https://finance.sina.com.cn/爬取
2021-02-19 10:12:08 [root] WARNING: 爬取新页面:https://finance.sina.com.cn/stock/hkstock/marketalerts/2021-02-19/doc-ikftssap6883680.shtml,存储了5个tag,1146字,数据库id为42703270000000
2021-02-19 10:13:02 [root] WARNING: 尝试从:https://news.baidu.com/finance爬取
2021-02-19 10:13:02 [root] WARNING: 尝试从:https://finance.sina.com.cn/爬取
2021-02-19 10:14:02 [root] WARNING: 尝试从:https://finance.sina.com.cn/爬取
2021-02-19 10:14:02 [root] WARNING: 尝试从:https://news.baidu.com/finance爬取
2021-02-19 10:14:02 [root] WARNING: 爬取新页面:http://baijiahao.baidu.com/s?id=1692080657747188049,存储了7个tag,509字,数据库id为42704420000000
2021-02-19 10:14:03 [root] WARNING: 爬取新页面:http://baijiahao.baidu.com/s?id=1692085158583532024,存储了5个tag,681字,数据库id为42704430000000
2021-02-19 10:14:03 [root] WARNING: 爬取新页面:http://baijiahao.baidu.com/s?id=1692087180675785770,存储了6个tag,648字,数据库id为42704430000001
2021-02-19 10:14:03 [root] WARNING: 爬取新页面:http://baijiahao.baidu.com/s?id=1692084635378631968,存储了6个tag,535字,数据库id为42704430000002
2021-02-19 10:14:03 [root] WARNING: 爬取新页面:http://baijiahao.baidu.com/s?id=1692087064764371775,存储了7个tag,463字,数据库id为42704430000003
2021-02-19 10:14:03 [root] WARNING: 爬取新页面:http://baijiahao.baidu.com/s?id=1692087121455977033,存储了7个tag,722字,数据库id为42704430000004
2021-02-19 10:15:01 [root] WARNING: 尝试从:https://news.baidu.com/finance爬取
2021-02-19 10:15:02 [root] WARNING: 尝试从:https://finance.sina.com.cn/爬取
2021-02-19 10:16:02 [root] WARNING: 尝试从:https://news.baidu.com/finance爬取
2021-02-19 10:16:02 [root] WARNING: 尝试从:https://finance.sina.com.cn/爬取
2021-02-19 10:16:04 [root] WARNING: 爬取新页面:https://finance.sina.com.cn/stock/hkstock/hkstocknews/2021-02-19/doc-ikftssap6872599.shtml,存储了6个tag,2483字,数据库id为42705640000000
2021-02-19 10:17:02 [root] WARNING: 尝试从:https://news.baidu.com/finance爬取
2021-02-19 10:17:02 [root] WARNING: 尝试从:https://finance.sina.com.cn/爬取
2021-02-19 10:18:01 [root] WARNING: 尝试从:https://news.baidu.com/finance爬取
2021-02-19 10:18:02 [root] WARNING: 尝试从:https://finance.sina.com.cn/爬取
2021-02-19 10:18:04 [root] WARNING: 爬取新页面:https://finance.sina.com.cn/money/forex/hbfx/2021-02-19/doc-ikftpnny7886917.shtml,存储了8个tag,2724字,数据库id为42706830000000
2021-02-19 10:19:02 [root] WARNING: 尝试从:https://news.baidu.com/finance爬取
2021-02-19 10:19:02 [root] WARNING: 尝试从:https://finance.sina.com.cn/爬取
2021-02-19 10:20:02 [root] WARNING: 尝试从:https://news.baidu.com/finance爬取
2021-02-19 10:20:02 [root] WARNING: 尝试从:https://finance.sina.com.cn/爬取
2021-02-19 10:21:02 [root] WARNING: 尝试从:https://finance.sina.com.cn/爬取
2021-02-19 10:21:02 [root] WARNING: 尝试从:https://news.baidu.com/finance爬取
2021-02-19 10:21:05 [root] WARNING: 爬取新页面:https://finance.sina.com.cn/money/smjj/smgq/2021-02-19/doc-ikftssap6864524.shtml,存储了7个tag,2006字,数据库id为42708640000000
2021-02-19 10:21:05 [root] WARNING: 爬取新页面:https://finance.sina.com.cn/stock/gujiayidong/2021-02-19/doc-ikftpnny7894420.shtml,存储了4个tag,288字,数据库id为42708650000000
2021-02-19 10:22:02 [root] WARNING: 尝试从:https://news.baidu.com/finance爬取
2021-02-19 10:22:02 [root] WARNING: 尝试从:https://finance.sina.com.cn/爬取
2021-02-19 10:23:02 [root] WARNING: 尝试从:https://finance.sina.com.cn/爬取
2021-02-19 10:23:03 [root] WARNING: 尝试从:https://news.baidu.com/finance爬取
2021-02-19 10:24:02 [root] WARNING: 尝试从:https://finance.sina.com.cn/爬取
2021-02-19 10:24:02 [root] WARNING: 尝试从:https://news.baidu.com/finance爬取
2021-02-19 10:24:03 [root] WARNING: 爬取新页面:http://baijiahao.baidu.com/s?id=1692084798252297713,存储了7个tag,2181字,数据库id为42710420000001
2021-02-19 10:24:03 [root] WARNING: 爬取新页面:http://baijiahao.baidu.com/s?id=1692088186057996735,存储了4个tag,456字,数据库id为42710430000000
2021-02-19 10:24:03 [root] WARNING: 爬取新页面:http://baijiahao.baidu.com/s?id=1692087795767351144,存储了6个tag,629字,数据库id为42710430000001
2021-02-19 10:24:03 [root] WARNING: 爬取新页面:http://baijiahao.baidu.com/s?id=1692085405679224502,存储了6个tag,710字,数据库id为42710430000002
2021-02-19 10:24:03 [root] WARNING: 爬取新页面:http://baijiahao.baidu.com/s?id=1692085981598332034,存储了6个tag,1584字,数据库id为42710430000003
2021-02-19 10:25:02 [root] WARNING: 尝试从:https://finance.sina.com.cn/爬取
2021-02-19 10:25:02 [root] WARNING: 尝试从:https://news.baidu.com/finance爬取
2021-02-19 10:25:04 [root] WARNING: 爬取新页面:https://finance.sina.com.cn/blockchain/coin/2021-02-19/doc-ikftpnny7870556.shtml,存储了4个tag,733字,数据库id为42711030000000
2021-02-19 10:25:06 [root] WARNING: 爬取新页面:https://finance.sina.com.cn/chanjing/cskb/2021-02-19/doc-ikftpnny7894953.shtml,存储了6个tag,1434字,数据库id为42711060000000
2021-02-19 10:25:07 [root] WARNING: 爬取新页面:https://finance.sina.com.cn/stock/stockzmt/2021-02-19/doc-ikftpnny7837639.shtml,存储了9个tag,1248字,数据库id为42711070000000
2021-02-19 10:26:02 [root] WARNING: 尝试从:https://news.baidu.com/finance爬取
2021-02-19 10:26:02 [root] WARNING: 尝试从:https://finance.sina.com.cn/爬取
2021-02-19 10:27:02 [root] WARNING: 尝试从:https://finance.sina.com.cn/爬取
2021-02-19 10:27:02 [root] WARNING: 尝试从:https://news.baidu.com/finance爬取
2021-02-19 10:28:02 [root] WARNING: 尝试从:https://finance.sina.com.cn/爬取
2021-02-19 10:28:02 [root] WARNING: 尝试从:https://news.baidu.com/finance爬取
2021-02-19 10:29:02 [root] WARNING: 尝试从:https://finance.sina.com.cn/爬取
2021-02-19 10:29:02 [root] WARNING: 尝试从:https://news.baidu.com/finance爬取
2021-02-19 10:30:02 [root] WARNING: 尝试从:https://finance.sina.com.cn/爬取
2021-02-19 10:30:02 [root] WARNING: 尝试从:https://news.baidu.com/finance爬取
2021-02-19 10:30:07 [root] WARNING: 爬取新页面:https://finance.sina.com.cn/stock/zqgd/2021-02-19/doc-ikftpnny7806330.shtml,存储了4个tag,2185字,数据库id为42714070000000
2021-02-19 10:30:07 [root] WARNING: 爬取新页面:https://finance.sina.com.cn/wm/2021-02-18/doc-ikftssap6556977.shtml,存储了4个tag,1028字,数据库id为42714070000001
2021-02-19 10:30:07 [root] WARNING: 爬取新页面:https://finance.sina.com.cn/roll/2021-02-19/doc-ikftpnny7823002.shtml,存储了4个tag,223字,数据库id为42714070000002
2021-02-19 10:31:02 [root] WARNING: 尝试从:https://finance.sina.com.cn/爬取
2021-02-19 10:31:02 [root] WARNING: 尝试从:https://news.baidu.com/finance爬取
2021-02-19 10:32:02 [root] WARNING: 尝试从:https://finance.sina.com.cn/爬取
2021-02-19 10:32:02 [root] WARNING: 尝试从:https://news.baidu.com/finance爬取
2021-02-19 10:33:02 [root] WARNING: 尝试从:https://news.baidu.com/finance爬取
2021-02-19 10:33:02 [root] WARNING: 尝试从:https://finance.sina.com.cn/爬取
2021-02-19 10:34:02 [root] WARNING: 尝试从:https://news.baidu.com/finance爬取
2021-02-19 10:34:03 [root] WARNING: 爬取新页面:http://baijiahao.baidu.com/s?id=1692080956717465717,存储了7个tag,795字,数据库id为42716420000001
2021-02-19 10:34:03 [root] WARNING: 爬取新页面:http://baijiahao.baidu.com/s?id=1692088378541888282,存储了5个tag,1101字,数据库id为42716430000000
2021-02-19 10:34:03 [root] WARNING: 尝试从:https://finance.sina.com.cn/爬取
2021-02-19 10:34:03 [root] WARNING: 爬取新页面:http://baijiahao.baidu.com/s?id=1692088149522639477,存储了7个tag,1625字,数据库id为42716430000001
2021-02-19 10:34:03 [root] WARNING: 爬取新页面:http://baijiahao.baidu.com/s?id=1692088839608259262,存储了7个tag,761字,数据库id为42716430000002
2021-02-19 10:34:03 [root] WARNING: 爬取新页面:http://baijiahao.baidu.com/s?id=1692088388111920301,存储了9个tag,564字,数据库id为42716430000003
2021-02-19 10:34:03 [root] WARNING: 爬取新页面:http://baijiahao.baidu.com/s?id=1692087968233259995,存储了8个tag,556字,数据库id为42716430000004
2021-02-19 10:34:03 [root] WARNING: 爬取新页面:http://baijiahao.baidu.com/s?id=1692083316662463109,存储了7个tag,451字,数据库id为42716430000005
2021-02-19 10:34:03 [root] WARNING: 爬取新页面:http://baijiahao.baidu.com/s?id=1692088438690389609,存储了8个tag,292字,数据库id为42716430000006
2021-02-19 10:35:02 [root] WARNING: 尝试从:https://news.baidu.com/finance爬取
2021-02-19 10:35:02 [root] WARNING: 尝试从:https://finance.sina.com.cn/爬取
2021-02-19 10:36:02 [root] WARNING: 尝试从:https://finance.sina.com.cn/爬取
2021-02-19 10:36:02 [root] WARNING: 尝试从:https://news.baidu.com/finance爬取
2021-02-19 10:37:02 [root] WARNING: 尝试从:https://news.baidu.com/finance爬取
2021-02-19 10:37:02 [root] WARNING: 尝试从:https://finance.sina.com.cn/爬取
2021-02-19 10:38:02 [root] WARNING: 尝试从:https://news.baidu.com/finance爬取
2021-02-19 10:38:02 [root] WARNING: 尝试从:https://finance.sina.com.cn/爬取
2021-02-19 10:38:04 [root] WARNING: 爬取新页面:https://finance.sina.com.cn/stock/gujiayidong/2021-02-19/doc-ikftssap6924174.shtml,存储了5个tag,268字,数据库id为42718840000000
2021-02-19 10:39:02 [root] WARNING: 尝试从:https://news.baidu.com/finance爬取
2021-02-19 10:39:02 [root] WARNING: 尝试从:https://finance.sina.com.cn/爬取
2021-02-19 10:40:02 [root] WARNING: 尝试从:https://news.baidu.com/finance爬取
2021-02-19 10:40:02 [root] WARNING: 尝试从:https://finance.sina.com.cn/爬取
2021-02-19 10:40:06 [root] WARNING: 爬取新页面:https://finance.sina.com.cn/stock/usstock/c/2021-02-19/doc-ikftssap6924289.shtml,存储了7个tag,462字,数据库id为42720050000000
2021-02-19 10:40:06 [root] WARNING: 爬取新页面:https://finance.sina.com.cn/chanjing/gsnews/2021-02-19/doc-ikftpnny7879110.shtml,存储了8个tag,453字,数据库id为42720060000000
2021-02-19 10:41:02 [root] WARNING: 尝试从:https://finance.sina.com.cn/爬取
2021-02-19 10:41:02 [root] WARNING: 尝试从:https://news.baidu.com/finance爬取
2021-02-19 10:42:02 [root] WARNING: 尝试从:https://news.baidu.com/finance爬取
2021-02-19 10:42:02 [root] WARNING: 尝试从:https://finance.sina.com.cn/爬取
2021-02-19 10:43:02 [root] WARNING: 尝试从:https://news.baidu.com/finance爬取
2021-02-19 10:43:02 [root] WARNING: 尝试从:https://finance.sina.com.cn/爬取
2021-02-19 10:44:02 [root] WARNING: 尝试从:https://news.baidu.com/finance爬取
2021-02-19 10:44:02 [root] WARNING: 尝试从:https://finance.sina.com.cn/爬取
2021-02-19 10:44:03 [root] WARNING: 爬取新页面:http://baijiahao.baidu.com/s?id=1692086912350354116,存储了7个tag,768字,数据库id为42722420000001
2021-02-19 10:44:03 [root] WARNING: 爬取新页面:http://baijiahao.baidu.com/s?id=1692047521310950559,存储了4个tag,1089字,数据库id为42722430000000
2021-02-19 10:44:03 [root] WARNING: 爬取新页面:http://baijiahao.baidu.com/s?id=1692085858914681891,存储了6个tag,2312字,数据库id为42722430000001
2021-02-19 10:44:03 [root] WARNING: 爬取新页面:http://baijiahao.baidu.com/s?id=1692088214956863839,存储了6个tag,889字,数据库id为42722430000002
2021-02-19 10:44:03 [root] WARNING: 爬取新页面:http://baijiahao.baidu.com/s?id=1692089135429520002,存储了7个tag,899字,数据库id为42722430000003
2021-02-19 10:44:03 [root] WARNING: 爬取新页面:http://baijiahao.baidu.com/s?id=1692081689771450681,存储了7个tag,1794字,数据库id为42722430000004
2021-02-19 10:45:02 [root] WARNING: 尝试从:https://news.baidu.com/finance爬取
2021-02-19 10:45:02 [root] WARNING: 尝试从:https://finance.sina.com.cn/爬取
2021-02-19 10:45:05 [root] WARNING: 爬取新页面:https://finance.sina.com.cn/stock/gujiayidong/2021-02-19/doc-ikftpnny7912216.shtml,存储了6个tag,482字,数据库id为42723050000000
2021-02-19 10:45:06 [root] WARNING: 爬取新页面:https://finance.sina.com.cn/consume/xiaofei/2021-02-19/doc-ikftssap6929280.shtml,存储了8个tag,1315字,数据库id为42723060000000
2021-02-19 10:46:01 [root] WARNING: 尝试从:https://news.baidu.com/finance爬取
2021-02-19 10:46:01 [root] WARNING: 尝试从:https://finance.sina.com.cn/爬取
2021-02-19 10:47:02 [root] WARNING: 尝试从:https://finance.sina.com.cn/爬取
2021-02-19 10:47:02 [root] WARNING: 尝试从:https://news.baidu.com/finance爬取
2021-02-19 10:48:02 [root] WARNING: 尝试从:https://news.baidu.com/finance爬取
2021-02-19 10:48:02 [root] WARNING: 尝试从:https://finance.sina.com.cn/爬取
2021-02-19 10:49:02 [root] WARNING: 尝试从:https://finance.sina.com.cn/爬取
2021-02-19 10:49:02 [root] WARNING: 尝试从:https://news.baidu.com/finance爬取
2021-02-19 10:50:02 [root] WARNING: 尝试从:https://news.baidu.com/finance爬取
2021-02-19 10:50:02 [root] WARNING: 尝试从:https://finance.sina.com.cn/爬取
2021-02-19 10:51:02 [root] WARNING: 尝试从:https://news.baidu.com/finance爬取
2021-02-19 10:51:02 [root] WARNING: 尝试从:https://finance.sina.com.cn/爬取
2021-02-19 10:51:05 [root] WARNING: 爬取新页面:https://finance.sina.com.cn/chanjing/gsnews/2021-02-19/doc-ikftssap6930547.shtml,存储了6个tag,739字,数据库id为42726640000000
2021-02-19 10:52:02 [root] WARNING: 尝试从:https://news.baidu.com/finance爬取
2021-02-19 10:52:02 [root] WARNING: 尝试从:https://finance.sina.com.cn/爬取
2021-02-19 10:53:02 [root] WARNING: 尝试从:https://finance.sina.com.cn/爬取
2021-02-19 10:53:02 [root] WARNING: 尝试从:https://news.baidu.com/finance爬取
2021-02-19 10:54:02 [root] WARNING: 尝试从:https://finance.sina.com.cn/爬取
2021-02-19 10:54:02 [root] WARNING: 尝试从:https://news.baidu.com/finance爬取
2021-02-19 10:54:03 [root] WARNING: 爬取新页面:http://baijiahao.baidu.com/s?id=1692081975650342544,存储了6个tag,1777字,数据库id为42728430000000
2021-02-19 10:54:03 [root] WARNING: 爬取新页面:http://baijiahao.baidu.com/s?id=1692089415541375638,存储了7个tag,1062字,数据库id为42728430000001
2021-02-19 10:54:03 [root] WARNING: 爬取新页面:http://baijiahao.baidu.com/s?id=1692088994803633720,存储了5个tag,498字,数据库id为42728430000002
2021-02-19 10:54:03 [root] WARNING: 爬取新页面:http://baijiahao.baidu.com/s?id=1692089655513317292,存储了9个tag,500字,数据库id为42728430000003
2021-02-19 10:55:02 [root] WARNING: 尝试从:https://finance.sina.com.cn/爬取
2021-02-19 10:55:02 [root] WARNING: 尝试从:https://news.baidu.com/finance爬取
2021-02-19 10:56:02 [root] WARNING: 尝试从:https://news.baidu.com/finance爬取
2021-02-19 10:56:02 [root] WARNING: 尝试从:https://finance.sina.com.cn/爬取
2021-02-19 10:57:02 [root] WARNING: 尝试从:https://finance.sina.com.cn/爬取
2021-02-19 10:57:02 [root] WARNING: 尝试从:https://news.baidu.com/finance爬取
2021-02-19 10:57:04 [root] WARNING: 爬取新页面:https://finance.sina.com.cn/stock/gujiayidong/2021-02-19/doc-ikftssap6934472.shtml,存储了6个tag,165字,数据库id为42730240000000
2021-02-19 10:58:02 [root] WARNING: 尝试从:https://news.baidu.com/finance爬取
2021-02-19 10:58:02 [root] WARNING: 尝试从:https://finance.sina.com.cn/爬取
2021-02-19 10:59:02 [root] WARNING: 尝试从:https://news.baidu.com/finance爬取
2021-02-19 10:59:02 [root] WARNING: 尝试从:https://finance.sina.com.cn/爬取
2021-02-19 10:59:05 [root] WARNING: 爬取新页面:https://finance.sina.com.cn/stock/gujiayidong/2021-02-19/doc-ikftssap6934472.shtml,存储了6个tag,165字,数据库id为42731450000000
2021-02-19 11:00:02 [root] WARNING: 尝试从:https://finance.sina.com.cn/爬取
2021-02-19 11:00:02 [root] WARNING: 尝试从:https://news.baidu.com/finance爬取
2021-02-19 11:00:05 [root] WARNING: 爬取新页面:https://finance.sina.com.cn/stock/gujiayidong/2021-02-19/doc-ikftssap6934472.shtml,存储了6个tag,165字,数据库id为42732050000000
2021-02-19 11:01:02 [root] WARNING: 尝试从:https://finance.sina.com.cn/爬取
2021-02-19 11:01:02 [root] WARNING: 尝试从:https://news.baidu.com/finance爬取
2021-02-19 11:01:04 [root] WARNING: 爬取新页面:https://finance.sina.com.cn/money/nmetal/hjzx/2021-02-19/doc-ikftpnny7894061.shtml,存储了5个tag,842字,数据库id为42732630000000
2021-02-19 11:01:05 [root] WARNING: 爬取新页面:https://finance.sina.com.cn/stock/gujiayidong/2021-02-19/doc-ikftssap6937493.shtml,存储了5个tag,180字,数据库id为42732650000000
2021-02-19 11:03:02 [root] WARNING: 尝试从:https://news.baidu.com/finance爬取
2021-02-19 11:03:02 [root] WARNING: 尝试从:https://finance.sina.com.cn/爬取
2021-02-19 11:03:05 [root] WARNING: 爬取新页面:https://finance.sina.com.cn/stock/gujiayidong/2021-02-19/doc-ikftssap6934472.shtml,存储了6个tag,165字,数据库id为42733850000000
2021-02-19 11:04:02 [root] WARNING: 尝试从:https://news.baidu.com/finance爬取
2021-02-19 11:04:02 [root] WARNING: 尝试从:https://finance.sina.com.cn/爬取
2021-02-19 11:05:02 [root] WARNING: 尝试从:https://news.baidu.com/finance爬取
2021-02-19 11:05:02 [root] WARNING: 尝试从:https://finance.sina.com.cn/爬取
2021-02-19 11:05:03 [root] WARNING: 爬取新页面:http://baijiahao.baidu.com/s?id=1692081345894282952,存储了6个tag,2044字,数据库id为42735030000000
2021-02-19 11:05:03 [root] WARNING: 爬取新页面:http://baijiahao.baidu.com/s?id=1692090224155965571,存储了8个tag,1007字,数据库id为42735030000001
2021-02-19 11:05:03 [root] WARNING: 爬取新页面:http://baijiahao.baidu.com/s?id=1692088385515322616,存储了7个tag,1888字,数据库id为42735030000002
2021-02-19 11:05:03 [root] WARNING: 爬取新页面:http://baijiahao.baidu.com/s?id=1692080779340061121,存储了7个tag,1286字,数据库id为42735030000003
2021-02-19 11:05:04 [root] WARNING: 爬取新页面:http://baijiahao.baidu.com/s?id=1692089973943993399,存储了5个tag,873字,数据库id为42735040000000
2021-02-19 11:06:02 [root] WARNING: 尝试从:https://news.baidu.com/finance爬取
2021-02-19 11:06:02 [root] WARNING: 尝试从:https://finance.sina.com.cn/爬取
2021-02-19 11:07:03 [root] WARNING: 尝试从:https://news.baidu.com/finance爬取
2021-02-19 11:07:03 [root] WARNING: 尝试从:https://finance.sina.com.cn/爬取
2021-02-19 17:10:04 [root] WARNING: 尝试从:https://finance.sina.com.cn/爬取
2021-02-19 17:10:04 [root] WARNING: 尝试从:https://news.baidu.com/finance爬取
2021-02-19 17:10:05 [root] WARNING: 爬取新页面:http://baijiahao.baidu.com/s?id=1692112880600017570,存储了7个tag,709字,数据库id为42954040000000
2021-02-19 17:10:05 [root] WARNING: 爬取新页面:http://baijiahao.baidu.com/s?id=1692103518437453144,存储了7个tag,522字,数据库id为42954050000000
2021-02-19 17:10:05 [root] WARNING: 爬取新页面:http://baijiahao.baidu.com/s?id=1692104771613573873,存储了4个tag,298字,数据库id为42954050000001
2021-02-19 17:10:05 [root] WARNING: 爬取新页面:http://baijiahao.baidu.com/s?id=1692110921018676268,存储了7个tag,550字,数据库id为42954050000002
2021-02-19 17:10:05 [root] WARNING: 爬取新页面:http://baijiahao.baidu.com/s?id=1692112658001802965,存储了8个tag,634字,数据库id为42954050000003
2021-02-19 17:10:05 [root] WARNING: 爬取新页面:http://baijiahao.baidu.com/s?id=1692112723926170692,存储了4个tag,679字,数据库id为42954050000004
2021-02-19 17:10:05 [root] WARNING: 爬取新页面:http://baijiahao.baidu.com/s?id=1692105474411627481,存储了4个tag,602字,数据库id为42954050000005
2021-02-19 17:10:05 [root] WARNING: 爬取新页面:http://baijiahao.baidu.com/s?id=1692102503835953382,存储了9个tag,5425字,数据库id为42954050000006
2021-02-19 17:10:05 [root] WARNING: 爬取新页面:http://baijiahao.baidu.com/s?id=1692112624158449815,存储了7个tag,584字,数据库id为42954050000007
2021-02-19 17:10:05 [root] WARNING: 爬取新页面:http://baijiahao.baidu.com/s?id=1692113355510843008,存储了7个tag,413字,数据库id为42954050000008
2021-02-19 17:10:05 [root] WARNING: 爬取新页面:https://finance.sina.com.cn/stock/observe/2021-02-19/doc-ikftpnny8016564.shtml,存储了6个tag,590字,数据库id为42954050000000
2021-02-19 17:10:06 [root] WARNING: 爬取新页面:https://finance.sina.com.cn/money/future/fmnews/2021-02-19/doc-ikftpnny7850750.shtml,存储了6个tag,762字,数据库id为42954060000000
2021-02-19 17:10:06 [root] WARNING: 爬取新页面:https://finance.sina.com.cn/roll/2021-02-19/doc-ikftpnny7979240.shtml,存储了7个tag,2008字,数据库id为42954060000001
2021-02-19 17:10:06 [root] WARNING: 爬取新页面:https://finance.sina.com.cn/roll/2021-02-19/doc-ikftssap7083808.shtml,存储了5个tag,776字,数据库id为42954060000002
2021-02-19 17:10:06 [root] WARNING: 爬取新页面:https://finance.sina.com.cn/money/nmetal/hjzx/2021-02-19/doc-ikftpnny8085832.shtml,存储了7个tag,517字,数据库id为42954060000003
2021-02-19 17:10:06 [root] WARNING: 爬取新页面:https://finance.sina.com.cn/money/nmetal/hjzx/2021-02-19/doc-ikftpnny8085834.shtml,存储了6个tag,551字,数据库id为42954060000004
2021-02-19 17:10:06 [root] WARNING: 爬取新页面:https://finance.sina.com.cn/money/nmetal/hjzx/2021-02-19/doc-ikftssap7103298.shtml,存储了8个tag,1326字,数据库id为42954060000005
2021-02-19 17:10:06 [root] WARNING: 爬取新页面:https://finance.sina.com.cn/blockchain/roll/2021-02-19/doc-ikftssap7073153.shtml,存储了6个tag,1917字,数据库id为42954060000006
2021-02-19 17:10:06 [root] WARNING: 爬取新页面:https://finance.sina.com.cn/money/future/fmnews/2021-02-19/doc-ikftpnny8096355.shtml,存储了7个tag,1417字,数据库id为42954060000007
2021-02-19 17:10:06 [root] WARNING: 爬取新页面:https://finance.sina.com.cn/money/future/roll/2021-02-19/doc-ikftssap7079475.shtml,存储了6个tag,1566字,数据库id为42954060000008
2021-02-19 17:10:06 [root] WARNING: 爬取新页面:https://finance.sina.com.cn/blockchain/coin/2021-02-19/doc-ikftpnny8060525.shtml,存储了5个tag,333字,数据库id为42954060000009
2021-02-19 17:10:06 [root] WARNING: 爬取新页面:https://finance.sina.com.cn/blockchain/roll/2021-02-19/doc-ikftssap7110453.shtml,存储了9个tag,1624字,数据库id为42954060000010
2021-02-19 17:10:07 [root] WARNING: 爬取新页面:https://finance.sina.com.cn/money/forex/forexroll/2021-02-19/doc-ikftssap7123454.shtml,存储了9个tag,3404字,数据库id为42954070000000
2021-02-19 17:10:07 [root] WARNING: 爬取新页面:https://finance.sina.com.cn/stock/jsy/2021-02-19/doc-ikftpnny8069492.shtml,存储了6个tag,687字,数据库id为42954070000001
2021-02-19 17:10:07 [root] WARNING: 爬取新页面:https://finance.sina.com.cn/stock/jsy/2021-02-19/doc-ikftssap7089121.shtml,存储了3个tag,214字,数据库id为42954070000002
2021-02-19 17:10:07 [root] WARNING: 爬取新页面:https://finance.sina.com.cn/stock/marketresearch/2021-02-19/doc-ikftssap7095545.shtml,存储了6个tag,996字,数据库id为42954070000003
2021-02-19 17:10:07 [root] WARNING: 爬取新页面:https://finance.sina.com.cn/stock/jsy/2021-02-19/doc-ikftssap7099580.shtml,存储了6个tag,400字,数据库id为42954070000004
2021-02-19 17:10:07 [root] WARNING: 爬取新页面:https://finance.sina.com.cn/stock/jsy/2021-02-19/doc-ikftpnny8085247.shtml,存储了5个tag,392字,数据库id为42954070000005
2021-02-19 17:10:08 [root] WARNING: 爬取新页面:https://finance.sina.com.cn/money/fund/original/2021-02-19/doc-ikftpnny8049611.shtml,存储了9个tag,2572字,数据库id为42954070000006
2021-02-19 17:10:08 [root] WARNING: 爬取新页面:https://finance.sina.com.cn/stock/jsy/2021-02-19/doc-ikftssap6963510.shtml,存储了6个tag,787字,数据库id为42954080000000
2021-02-19 17:10:08 [root] WARNING: 爬取新页面:https://finance.sina.com.cn/stock/jsy/2021-02-19/doc-ikftpnny8076672.shtml,存储了6个tag,1256字,数据库id为42954080000001
2021-02-19 17:10:08 [root] WARNING: 爬取新页面:https://finance.sina.com.cn/jjxw/2021-02-19/doc-ikftssap7094883.shtml,存储了7个tag,1765字,数据库id为42954080000002
2021-02-19 17:10:08 [root] WARNING: 爬取新页面:https://finance.sina.com.cn/stock/stocktalk/2021-02-19/doc-ikftpnny8100925.shtml,存储了5个tag,795字,数据库id为42954080000003
2021-02-19 17:10:08 [root] WARNING: 爬取新页面:https://finance.sina.com.cn/roll/2021-02-19/doc-ikftpnny8078981.shtml,存储了7个tag,1393字,数据库id为42954080000004
2021-02-19 17:10:08 [root] WARNING: 爬取新页面:https://finance.sina.com.cn/wm/2021-02-19/doc-ikftpnny8116127.shtml,存储了6个tag,939字,数据库id为42954080000005
2021-02-19 17:10:08 [root] WARNING: 爬取新页面:https://finance.sina.com.cn/stock/gujiayidong/2021-02-19/doc-ikftssap7042601.shtml,存储了6个tag,260字,数据库id为42954080000006
2021-02-19 17:10:08 [root] WARNING: 爬取新页面:https://finance.sina.com.cn/stock/gujiayidong/2021-02-19/doc-ikftssap7052037.shtml,存储了5个tag,240字,数据库id为42954080000007
2021-02-19 17:10:08 [root] WARNING: 爬取新页面:https://finance.sina.com.cn/stock/hyyj/2021-02-19/doc-ikftssap7080675.shtml,存储了7个tag,1285字,数据库id为42954080000008
2021-02-19 17:10:08 [root] WARNING: 爬取新页面:https://finance.sina.com.cn/stock/hyyj/2021-02-19/doc-ikftssap7097895.shtml,存储了8个tag,716字,数据库id为42954080000009
2021-02-19 17:10:08 [root] WARNING: 爬取新页面:https://finance.sina.com.cn/stock/stocktalk/2021-02-19/doc-ikftssap7130455.shtml,存储了6个tag,1803字,数据库id为42954080000010
2021-02-19 17:10:09 [root] WARNING: 爬取新页面:https://finance.sina.com.cn/chanjing/cyxw/2021-02-19/doc-ikftssap6958927.shtml,存储了7个tag,1891字,数据库id为42954090000000
2021-02-19 17:10:09 [root] WARNING: 爬取新页面:https://finance.sina.com.cn/chanjing/cyxw/2021-02-19/doc-ikftpnny8003825.shtml,存储了6个tag,258字,数据库id为42954090000001
2021-02-19 17:10:09 [root] WARNING: 爬取新页面:https://finance.sina.com.cn/chanjing/cyxw/2021-02-19/doc-ikftpnny8025649.shtml,存储了6个tag,1191字,数据库id为42954090000002
2021-02-19 17:10:09 [root] WARNING: 爬取新页面:https://finance.sina.com.cn/chanjing/cyxw/2021-02-19/doc-ikftssap7044373.shtml,存储了7个tag,648字,数据库id为42954090000003
2021-02-19 17:10:09 [root] WARNING: 爬取新页面:https://finance.sina.com.cn/chanjing/cyxw/2021-02-19/doc-ikftssap7087952.shtml,存储了8个tag,2056字,数据库id为42954090000004
2021-02-19 17:10:09 [root] WARNING: 爬取新页面:https://finance.sina.com.cn/roll/2021-02-19/doc-ikftpnny7919314.shtml,存储了6个tag,978字,数据库id为42954090000005
2021-02-19 17:10:09 [root] WARNING: 爬取新页面:https://finance.sina.com.cn/jjxw/2021-02-19/doc-ikftpnny7964900.shtml,存储了5个tag,805字,数据库id为42954090000006
2021-02-19 17:10:09 [root] WARNING: 爬取新页面:https://finance.sina.com.cn/china/2021-02-19/doc-ikftssap7056546.shtml,存储了8个tag,1884字,数据库id为42954090000007
2021-02-19 17:10:09 [root] WARNING: 爬取新页面:https://finance.sina.com.cn/china/2021-02-19/doc-ikftssap7139776.shtml,存储了8个tag,799字,数据库id为42954090000008
2021-02-19 17:10:09 [root] WARNING: 爬取新页面:https://finance.sina.com.cn/chanjing/gsnews/2021-02-19/doc-ikftpnny7950880.shtml,存储了5个tag,507字,数据库id为42954090000009
2021-02-19 17:10:09 [root] WARNING: 爬取新页面:https://finance.sina.com.cn/stock/usstock/c/2021-02-19/doc-ikftpnny8042233.shtml,存储了6个tag,156字,数据库id为42954090000010
2021-02-19 17:10:09 [root] WARNING: 爬取新页面:https://finance.sina.com.cn/world/gjcj/2021-02-19/doc-ikftpnny8063673.shtml,存储了5个tag,502字,数据库id为42954090000011
2021-02-19 17:10:09 [root] WARNING: 爬取新页面:https://finance.sina.com.cn/stock/usstock/c/2021-02-19/doc-ikftpnny8072816.shtml,存储了3个tag,221字,数据库id为42954090000012
2021-02-19 17:10:10 [root] WARNING: 爬取新页面:https://finance.sina.com.cn/stock/usstock/c/2021-02-19/doc-ikftpnny8080880.shtml,存储了8个tag,172字,数据库id为42954090000013
2021-02-19 17:10:10 [root] WARNING: 爬取新页面:https://finance.sina.com.cn/roll/2021-02-19/doc-ikftpnny8080410.shtml,存储了7个tag,3687字,数据库id为42954100000000
2021-02-19 17:10:10 [root] WARNING: 爬取新页面:https://finance.sina.com.cn/chanjing/gsnews/2021-02-19/doc-ikftpnny7991154.shtml,存储了7个tag,1962字,数据库id为42954100000001
2021-02-19 17:10:11 [root] WARNING: 爬取新页面:https://finance.sina.com.cn/stock/hkstock/ggscyd/2021-02-19/doc-ikftpnny8106676.shtml,存储了6个tag,337字,数据库id为42954110000000
2021-02-19 17:10:11 [root] WARNING: 爬取新页面:https://finance.sina.com.cn/stock/s/2021-02-19/doc-ikftssap7091447.shtml,存储了7个tag,3593字,数据库id为42954110000001
2021-02-19 17:10:11 [root] WARNING: 爬取新页面:https://finance.sina.com.cn/stock/s/2021-02-19/doc-ikftssap7090454.shtml,存储了6个tag,3120字,数据库id为42954110000002
2021-02-19 17:10:12 [root] WARNING: 爬取新页面:https://finance.sina.com.cn/money/fund/2021-02-19/doc-ikftssap7089848.shtml,存储了7个tag,2222字,数据库id为42954120000000
2021-02-19 17:10:12 [root] WARNING: 爬取新页面:https://finance.sina.com.cn/stock/s/2021-02-19/doc-ikftssap7092690.shtml,存储了6个tag,2652字,数据库id为42954120000001
2021-02-19 17:10:12 [root] WARNING: 爬取新页面:https://finance.sina.com.cn/roll/2021-02-19/doc-ikftssap7106322.shtml,存储了7个tag,1991字,数据库id为42954120000002
2021-02-19 17:10:12 [root] WARNING: 爬取新页面:https://finance.sina.com.cn/stock/s/2021-02-19/doc-ikftpnny8069559.shtml,存储了7个tag,3542字,数据库id为42954120000003
2021-02-19 17:10:12 [root] WARNING: 爬取新页面:https://finance.sina.com.cn/money/fund/original/2021-02-19/doc-ikftssap7103539.shtml,存储了9个tag,913字,数据库id为42954120000004
2021-02-19 17:10:13 [root] WARNING: 爬取新页面:https://finance.sina.com.cn/stock/observe/2021-02-19/doc-ikftssap7080118.shtml,存储了5个tag,3053字,数据库id为42954120000005
2021-02-19 17:10:13 [root] WARNING: 爬取新页面:https://finance.sina.com.cn/china/2021-02-19/doc-ikftpnny8027135.shtml,存储了8个tag,2489字,数据库id为42954130000000
2021-02-19 17:10:13 [root] WARNING: 爬取新页面:https://finance.sina.com.cn/china/dfjj/2021-02-19/doc-ikftssap7125092.shtml,存储了7个tag,830字,数据库id为42954130000001
2021-02-19 17:10:13 [root] WARNING: 爬取新页面:https://finance.sina.com.cn/china/gncj/2021-02-19/doc-ikftssap7039652.shtml,存储了9个tag,6965字,数据库id为42954130000002
2021-02-19 17:10:13 [root] WARNING: 爬取新页面:https://finance.sina.com.cn/world/gjcj/2021-02-19/doc-ikftssap7113557.shtml,存储了2个tag,454字,数据库id为42954130000003
2021-02-19 17:10:13 [root] WARNING: 爬取新页面:https://finance.sina.com.cn/blockchain/roll/2021-02-19/doc-ikftssap7090544.shtml,存储了6个tag,1277字,数据库id为42954130000004
2021-02-19 17:10:13 [root] WARNING: 爬取新页面:https://finance.sina.com.cn/money/nmetal/hjzx/2021-02-19/doc-ikftssap7070650.shtml,存储了7个tag,512字,数据库id为42954130000005
2021-02-19 17:11:02 [root] WARNING: 尝试从:https://news.baidu.com/finance爬取
2021-02-19 17:11:02 [root] WARNING: 尝试从:https://finance.sina.com.cn/爬取
2021-02-19 17:11:03 [root] WARNING: 爬取新页面:https://finance.sina.com.cn/stock/observe/2021-02-19/doc-ikftpnny8016564.shtml,存储了6个tag,590字,数据库id为42954630000000
2021-02-19 17:12:02 [root] WARNING: 尝试从:https://news.baidu.com/finance爬取
2021-02-19 17:12:02 [root] WARNING: 尝试从:https://finance.sina.com.cn/爬取
2021-02-19 17:13:02 [root] WARNING: 尝试从:https://news.baidu.com/finance爬取
2021-02-19 17:13:02 [root] WARNING: 尝试从:https://finance.sina.com.cn/爬取
2021-02-19 17:13:07 [root] WARNING: 爬取新页面:https://finance.sina.com.cn/stock/relnews/hk/2021-02-19/doc-ikftssap7142984.shtml,存储了6个tag,339字,数据库id为42955870000000
2021-02-19 17:13:07 [root] WARNING: 爬取新页面:https://finance.sina.com.cn/chanjing/gsnews/2021-02-19/doc-ikftssap7099699.shtml,存储了6个tag,4370字,数据库id为42955870000001
2021-02-19 17:14:02 [root] WARNING: 尝试从:https://finance.sina.com.cn/爬取
2021-02-19 17:14:02 [root] WARNING: 尝试从:https://news.baidu.com/finance爬取
2021-02-19 17:15:03 [root] WARNING: 尝试从:https://news.baidu.com/finance爬取
2021-02-19 17:15:03 [root] WARNING: 尝试从:https://finance.sina.com.cn/爬取
2021-02-19 17:15:03 [root] WARNING: 爬取新页面:http://baijiahao.baidu.com/s?id=1692113613505175277,存储了7个tag,481字,数据库id为42957030000000
2021-02-19 17:15:03 [root] WARNING: 爬取新页面:http://baijiahao.baidu.com/s?id=1692104752894667774,存储了5个tag,1159字,数据库id为42957030000001
2021-02-19 17:15:03 [root] WARNING: 爬取新页面:http://baijiahao.baidu.com/s?id=1692113529785870718,存储了7个tag,2261字,数据库id为42957030000002
2021-02-19 17:15:04 [root] WARNING: 爬取新页面:http://baijiahao.baidu.com/s?id=1692113559779564839,存储了4个tag,592字,数据库id为42957030000003
2021-02-19 17:15:04 [root] WARNING: 爬取新页面:http://baijiahao.baidu.com/s?id=1692103639973825724,存储了6个tag,1156字,数据库id为42957040000000
2021-02-19 17:15:04 [root] WARNING: 爬取新页面:http://baijiahao.baidu.com/s?id=1692110829442251807,存储了7个tag,1843字,数据库id为42957040000001
2021-02-19 17:15:04 [root] WARNING: 爬取新页面:http://baijiahao.baidu.com/s?id=1692023126873247537,存储了7个tag,1860字,数据库id为42957040000002
2021-02-19 17:15:04 [root] WARNING: 爬取新页面:http://baijiahao.baidu.com/s?id=1692113876621264673,存储了6个tag,1061字,数据库id为42957040000003
2021-02-19 17:15:04 [root] WARNING: 爬取新页面:http://baijiahao.baidu.com/s?id=1692112093002864233,存储了6个tag,1628字,数据库id为42957040000004
2021-02-19 17:15:04 [root] WARNING: 爬取新页面:http://baijiahao.baidu.com/s?id=1692113473799150312,存储了7个tag,346字,数据库id为42957040000005
2021-02-19 17:15:04 [root] WARNING: 爬取新页面:http://baijiahao.baidu.com/s?id=1692113586080423498,存储了6个tag,1808字,数据库id为42957040000006
2021-02-19 17:15:04 [root] WARNING: 爬取新页面:http://baijiahao.baidu.com/s?id=1692113438795490046,存储了7个tag,927字,数据库id为42957040000007
2021-02-19 17:15:04 [root] WARNING: 爬取新页面:http://baijiahao.baidu.com/s?id=1692113730961662803,存储了8个tag,382字,数据库id为42957040000008
2021-02-19 17:16:02 [root] WARNING: 尝试从:https://news.baidu.com/finance爬取
2021-02-19 17:16:02 [root] WARNING: 尝试从:https://finance.sina.com.cn/爬取
2021-02-19 17:17:02 [root] WARNING: 尝试从:https://finance.sina.com.cn/爬取
2021-02-19 17:17:02 [root] WARNING: 尝试从:https://news.baidu.com/finance爬取
2021-02-19 17:18:02 [root] WARNING: 尝试从:https://news.baidu.com/finance爬取
2021-02-19 17:18:02 [root] WARNING: 尝试从:https://finance.sina.com.cn/爬取
2021-02-19 17:19:02 [root] WARNING: 尝试从:https://news.baidu.com/finance爬取
2021-02-19 17:19:02 [root] WARNING: 尝试从:https://finance.sina.com.cn/爬取
2021-02-19 17:19:05 [root] WARNING: 爬取新页面:https://finance.sina.com.cn/chanjing/cskb/2021-02-19/doc-ikftpnny8134069.shtml,存储了6个tag,2676字,数据库id为42959450000000
2021-02-19 17:19:07 [root] WARNING: 爬取新页面:https://finance.sina.com.cn/jjxw/2021-02-19/doc-ikftpnny7948041.shtml,存储了7个tag,888字,数据库id为42959470000000
2021-02-19 17:19:07 [root] WARNING: 爬取新页面:https://finance.sina.com.cn/chanjing/gsnews/2021-02-19/doc-ikftpnny7927158.shtml,存储了7个tag,1008字,数据库id为42959470000001
2021-02-19 17:20:02 [root] WARNING: 尝试从:https://news.baidu.com/finance爬取
2021-02-19 17:20:02 [root] WARNING: 尝试从:https://finance.sina.com.cn/爬取
2021-02-19 17:21:02 [root] WARNING: 尝试从:https://news.baidu.com/finance爬取
2021-02-19 17:21:02 [root] WARNING: 尝试从:https://finance.sina.com.cn/爬取
2021-02-19 17:22:02 [root] WARNING: 尝试从:https://finance.sina.com.cn/爬取
2021-02-19 17:22:02 [root] WARNING: 尝试从:https://news.baidu.com/finance爬取
2021-02-19 17:23:02 [root] WARNING: 尝试从:https://finance.sina.com.cn/爬取
2021-02-19 17:23:02 [root] WARNING: 尝试从:https://news.baidu.com/finance爬取
2021-02-19 17:24:02 [root] WARNING: 尝试从:https://finance.sina.com.cn/爬取
2021-02-19 17:24:02 [root] WARNING: 尝试从:https://news.baidu.com/finance爬取
2021-02-19 17:25:02 [root] WARNING: 尝试从:https://news.baidu.com/finance爬取
2021-02-19 17:25:02 [root] WARNING: 尝试从:https://finance.sina.com.cn/爬取
2021-02-19 17:25:03 [root] WARNING: 爬取新页面:http://baijiahao.baidu.com/s?id=1692077881193453797,存储了7个tag,1374字,数据库id为42963020000001
2021-02-19 17:25:03 [root] WARNING: 爬取新页面:http://baijiahao.baidu.com/s?id=1691991478214248543,存储了6个tag,373字,数据库id为42963030000000
2021-02-19 17:25:03 [root] WARNING: 爬取新页面:http://baijiahao.baidu.com/s?id=1692079722130972731,存储了5个tag,854字,数据库id为42963030000001
2021-02-19 17:25:03 [root] WARNING: 爬取新页面:http://baijiahao.baidu.com/s?id=1692073606533600176,存储了4个tag,209字,数据库id为42963030000002
2021-02-19 17:26:02 [root] WARNING: 尝试从:https://finance.sina.com.cn/爬取
2021-02-19 17:26:02 [root] WARNING: 尝试从:https://news.baidu.com/finance爬取
2021-02-19 17:27:02 [root] WARNING: 尝试从:https://news.baidu.com/finance爬取
2021-02-19 17:27:02 [root] WARNING: 尝试从:https://finance.sina.com.cn/爬取
2021-02-19 17:27:03 [root] WARNING: 爬取新页面:https://finance.sina.com.cn/money/forex/hbfx/2021-02-19/doc-ikftpnny8117245.shtml,存储了9个tag,2088字,数据库id为42964230000000
2021-02-19 17:27:05 [root] WARNING: 爬取新页面:https://finance.sina.com.cn/stock/stocktalk/2021-02-19/doc-ikftssap7153329.shtml,存储了4个tag,1945字,数据库id为42964250000000
2021-02-19 17:28:02 [root] WARNING: 尝试从:https://news.baidu.com/finance爬取
2021-02-19 17:28:02 [root] WARNING: 尝试从:https://finance.sina.com.cn/爬取
2021-02-19 17:29:02 [root] WARNING: 尝试从:https://news.baidu.com/finance爬取
2021-02-19 17:29:02 [root] WARNING: 尝试从:https://finance.sina.com.cn/爬取
2021-02-19 17:30:02 [root] WARNING: 尝试从:https://finance.sina.com.cn/爬取
2021-02-19 17:30:02 [root] WARNING: 尝试从:https://news.baidu.com/finance爬取
2021-02-19 17:31:02 [root] WARNING: 尝试从:https://news.baidu.com/finance爬取
2021-02-19 17:31:02 [root] WARNING: 尝试从:https://finance.sina.com.cn/爬取
2021-02-19 17:32:02 [root] WARNING: 尝试从:https://news.baidu.com/finance爬取
2021-02-19 17:32:02 [root] WARNING: 尝试从:https://finance.sina.com.cn/爬取
2021-02-19 17:33:02 [root] WARNING: 尝试从:https://news.baidu.com/finance爬取
2021-02-19 17:33:02 [root] WARNING: 尝试从:https://finance.sina.com.cn/爬取
2021-02-19 17:34:02 [root] WARNING: 尝试从:https://news.baidu.com/finance爬取
2021-02-19 17:34:02 [root] WARNING: 尝试从:https://finance.sina.com.cn/爬取
2021-02-19 17:34:03 [root] WARNING: 爬取新页面:http://baijiahao.baidu.com/s?id=1692115144106884623,存储了7个tag,2343字,数据库id为42968430000000
2021-02-19 17:34:03 [root] WARNING: 爬取新页面:http://baijiahao.baidu.com/s?id=1692114321822417734,存储了7个tag,412字,数据库id为42968430000001
2021-02-19 17:34:03 [root] WARNING: 爬取新页面:http://baijiahao.baidu.com/s?id=1692114421991532478,存储了6个tag,833字,数据库id为42968430000002
2021-02-19 17:34:03 [root] WARNING: 爬取新页面:http://baijiahao.baidu.com/s?id=1692114535361369030,存储了8个tag,3839字,数据库id为42968430000003
2021-02-19 17:34:03 [root] WARNING: 爬取新页面:http://baijiahao.baidu.com/s?id=1692114698282082397,存储了6个tag,1046字,数据库id为42968430000004
2021-02-19 17:34:04 [root] WARNING: 爬取新页面:http://baijiahao.baidu.com/s?id=1692114634652989694,存储了7个tag,3495字,数据库id为42968430000005
2021-02-19 17:34:04 [root] WARNING: 爬取新页面:http://baijiahao.baidu.com/s?id=1692115224522423855,存储了5个tag,1360字,数据库id为42968440000000
2021-02-19 17:34:04 [root] WARNING: 爬取新页面:http://baijiahao.baidu.com/s?id=1692106254123345097,存储了3个tag,406字,数据库id为42968440000001
2021-02-19 17:34:04 [root] WARNING: 爬取新页面:http://baijiahao.baidu.com/s?id=1692106808329855827,存储了7个tag,618字,数据库id为42968440000002
2021-02-19 17:34:04 [root] WARNING: 爬取新页面:http://baijiahao.baidu.com/s?id=1692114725810122758,存储了7个tag,1852字,数据库id为42968440000003
2021-02-19 17:35:02 [root] WARNING: 尝试从:https://finance.sina.com.cn/爬取
2021-02-19 17:35:02 [root] WARNING: 尝试从:https://news.baidu.com/finance爬取
2021-02-19 17:36:02 [root] WARNING: 尝试从:https://finance.sina.com.cn/爬取
2021-02-19 17:36:02 [root] WARNING: 尝试从:https://news.baidu.com/finance爬取
2021-02-19 17:36:05 [root] WARNING: 爬取新页面:https://finance.sina.com.cn/jjxw/2021-02-19/doc-ikftssap7089999.shtml,存储了5个tag,1263字,数据库id为42969650000000
2021-02-19 17:36:05 [root] WARNING: 爬取新页面:https://finance.sina.com.cn/jjxw/2021-02-19/doc-ikftssap7130976.shtml,存储了6个tag,704字,数据库id为42969650000001
2021-02-19 17:37:01 [root] WARNING: 尝试从:https://finance.sina.com.cn/爬取
2021-02-19 17:37:02 [root] WARNING: 尝试从:https://news.baidu.com/finance爬取
2021-02-19 17:38:02 [root] WARNING: 尝试从:https://finance.sina.com.cn/爬取
2021-02-19 17:38:02 [root] WARNING: 尝试从:https://news.baidu.com/finance爬取
2021-02-19 17:39:02 [root] WARNING: 尝试从:https://finance.sina.com.cn/爬取
2021-02-19 17:39:02 [root] WARNING: 尝试从:https://news.baidu.com/finance爬取
2021-02-19 17:40:01 [root] WARNING: 尝试从:https://news.baidu.com/finance爬取
2021-02-19 17:40:01 [root] WARNING: 尝试从:https://finance.sina.com.cn/爬取
2021-02-19 17:41:02 [root] WARNING: 尝试从:https://finance.sina.com.cn/爬取
2021-02-19 17:41:02 [root] WARNING: 尝试从:https://news.baidu.com/finance爬取
2021-02-19 17:42:02 [root] WARNING: 尝试从:https://finance.sina.com.cn/爬取
2021-02-19 17:42:02 [root] WARNING: 尝试从:https://news.baidu.com/finance爬取
2021-02-19 17:42:06 [root] WARNING: 爬取新页面:https://finance.sina.com.cn/stock/stocktalk/2021-02-19/doc-ikftpnny8146061.shtml,存储了7个tag,23468字,数据库id为42973240000000
2021-02-19 17:43:02 [root] WARNING: 尝试从:https://finance.sina.com.cn/爬取
2021-02-19 17:43:02 [root] WARNING: 尝试从:https://news.baidu.com/finance爬取
2021-02-19 17:44:02 [root] WARNING: 尝试从:https://finance.sina.com.cn/爬取
2021-02-19 17:44:02 [root] WARNING: 尝试从:https://news.baidu.com/finance爬取
2021-02-19 17:45:02 [root] WARNING: 尝试从:https://news.baidu.com/finance爬取
2021-02-19 17:45:02 [root] WARNING: 尝试从:https://finance.sina.com.cn/爬取
2021-02-19 17:45:03 [root] WARNING: 爬取新页面:http://baijiahao.baidu.com/s?id=1692096041173507590,存储了6个tag,641字,数据库id为42975030000000
2021-02-19 17:45:03 [root] WARNING: 爬取新页面:http://baijiahao.baidu.com/s?id=1692115397810431246,存储了6个tag,2332字,数据库id为42975030000001
2021-02-19 17:45:03 [root] WARNING: 爬取新页面:http://baijiahao.baidu.com/s?id=1692101700207874454,存储了7个tag,1518字,数据库id为42975030000002
2021-02-19 17:45:03 [root] WARNING: 爬取新页面:http://baijiahao.baidu.com/s?id=1692114982277624746,存储了6个tag,1028字,数据库id为42975030000003
2021-02-19 17:45:03 [root] WARNING: 爬取新页面:http://baijiahao.baidu.com/s?id=1692109539236657654,存储了6个tag,1232字,数据库id为42975030000004
2021-02-19 17:45:04 [root] WARNING: 爬取新页面:http://baijiahao.baidu.com/s?id=1692115490511471689,存储了6个tag,1964字,数据库id为42975030000005
2021-02-19 17:45:04 [root] WARNING: 爬取新页面:http://baijiahao.baidu.com/s?id=1692115523344135868,存储了6个tag,545字,数据库id为42975040000000
2021-02-19 17:45:04 [root] WARNING: 爬取新页面:http://baijiahao.baidu.com/s?id=1692114804379006765,存储了6个tag,1372字,数据库id为42975040000001
2021-02-19 17:45:04 [root] WARNING: 爬取新页面:http://baijiahao.baidu.com/s?id=1692115394666873837,存储了8个tag,1054字,数据库id为42975040000002
2021-02-19 17:45:04 [root] WARNING: 爬取新页面:http://baijiahao.baidu.com/s?id=1692115400142018919,存储了6个tag,1754字,数据库id为42975040000003
2021-02-19 17:45:04 [root] WARNING: 爬取新页面:http://baijiahao.baidu.com/s?id=1692113474800616662,存储了7个tag,2595字,数据库id为42975040000004
2021-02-19 17:45:04 [root] WARNING: 爬取新页面:http://baijiahao.baidu.com/s?id=1692115321739704966,存储了7个tag,1358字,数据库id为42975040000005
2021-02-19 17:45:04 [root] WARNING: 爬取新页面:http://baijiahao.baidu.com/s?id=1692115483193263143,存储了6个tag,2611字,数据库id为42975040000006
2021-02-19 17:45:04 [root] WARNING: 爬取新页面:http://baijiahao.baidu.com/s?id=1692111160532508319,存储了6个tag,282字,数据库id为42975040000007
2021-02-19 17:46:02 [root] WARNING: 尝试从:https://finance.sina.com.cn/爬取
2021-02-19 17:46:02 [root] WARNING: 尝试从:https://news.baidu.com/finance爬取
2021-02-19 17:46:05 [root] WARNING: 爬取新页面:https://finance.sina.com.cn/stock/stocktalk/2021-02-19/doc-ikftssap7163984.shtml,存储了8个tag,7138字,数据库id为42975640000000
2021-02-19 17:46:05 [root] WARNING: 爬取新页面:https://finance.sina.com.cn/china/2021-02-19/doc-ikftssap7152095.shtml,存储了6个tag,1678字,数据库id为42975650000000
2021-02-19 17:47:02 [root] WARNING: 尝试从:https://finance.sina.com.cn/爬取
2021-02-19 17:47:02 [root] WARNING: 尝试从:https://news.baidu.com/finance爬取
2021-02-19 17:48:02 [root] WARNING: 尝试从:https://finance.sina.com.cn/爬取
2021-02-19 17:48:02 [root] WARNING: 尝试从:https://news.baidu.com/finance爬取
2021-02-19 17:49:02 [root] WARNING: 尝试从:https://news.baidu.com/finance爬取
2021-02-19 17:49:02 [root] WARNING: 尝试从:https://finance.sina.com.cn/爬取
2021-02-19 17:49:05 [root] WARNING: 爬取新页面:https://finance.sina.com.cn/stock/gujiayidong/2021-02-19/doc-ikftpnny8149574.shtml,存储了7个tag,995字,数据库id为42977450000000
2021-02-19 17:50:02 [root] WARNING: 尝试从:https://news.baidu.com/finance爬取
2021-02-19 17:50:02 [root] WARNING: 尝试从:https://finance.sina.com.cn/爬取
2021-02-19 17:50:07 [root] WARNING: 爬取新页面:https://finance.sina.com.cn/money/forex/hbfx/2021-02-19/doc-ikftssap7142568.shtml,存储了5个tag,1422字,数据库id为42978070000000
2021-02-19 17:51:02 [root] WARNING: 尝试从:https://news.baidu.com/finance爬取
2021-02-19 17:51:02 [root] WARNING: 尝试从:https://finance.sina.com.cn/爬取
2021-02-19 17:52:02 [root] WARNING: 尝试从:https://news.baidu.com/finance爬取
2021-02-19 17:52:02 [root] WARNING: 尝试从:https://finance.sina.com.cn/爬取
2021-02-19 17:53:02 [root] WARNING: 尝试从:https://finance.sina.com.cn/爬取
2021-02-19 17:53:02 [root] WARNING: 尝试从:https://news.baidu.com/finance爬取
2021-02-19 17:54:02 [root] WARNING: 尝试从:https://finance.sina.com.cn/爬取
2021-02-19 17:54:02 [root] WARNING: 尝试从:https://news.baidu.com/finance爬取
2021-02-19 17:55:02 [root] WARNING: 尝试从:https://news.baidu.com/finance爬取
2021-02-19 17:55:02 [root] WARNING: 尝试从:https://finance.sina.com.cn/爬取
2021-02-19 17:56:02 [root] WARNING: 尝试从:https://finance.sina.com.cn/爬取
2021-02-19 17:56:02 [root] WARNING: 尝试从:https://news.baidu.com/finance爬取
2021-02-19 17:57:02 [root] WARNING: 尝试从:https://finance.sina.com.cn/爬取
2021-02-19 17:57:03 [root] WARNING: 尝试从:https://news.baidu.com/finance爬取
2021-02-19 17:58:02 [root] WARNING: 尝试从:https://news.baidu.com/finance爬取
2021-02-19 17:58:02 [root] WARNING: 尝试从:https://finance.sina.com.cn/爬取
2021-02-19 17:59:02 [root] WARNING: 尝试从:https://finance.sina.com.cn/爬取
2021-02-19 17:59:02 [root] WARNING: 尝试从:https://news.baidu.com/finance爬取
2021-02-19 18:00:02 [root] WARNING: 尝试从:https://finance.sina.com.cn/爬取
2021-02-19 18:00:02 [root] WARNING: 尝试从:https://news.baidu.com/finance爬取
2021-02-19 18:00:07 [root] WARNING: 爬取新页面:https://finance.sina.com.cn/stock/s/2021-02-19/doc-ikftssap7143033.shtml,存储了7个tag,2749字,数据库id为42984070000000
2021-02-19 18:00:07 [root] WARNING: 爬取新页面:https://finance.sina.com.cn/jjxw/2021-02-19/doc-ikftpnny8135620.shtml,存储了8个tag,1935字,数据库id为42984070000001
2021-02-19 18:01:02 [root] WARNING: 尝试从:https://finance.sina.com.cn/爬取
2021-02-19 18:01:02 [root] WARNING: 尝试从:https://news.baidu.com/finance爬取
2021-02-19 18:02:02 [root] WARNING: 尝试从:https://news.baidu.com/finance爬取
2021-02-19 18:02:02 [root] WARNING: 尝试从:https://finance.sina.com.cn/爬取
2021-02-19 18:03:02 [root] WARNING: 尝试从:https://finance.sina.com.cn/爬取
2021-02-19 18:03:02 [root] WARNING: 尝试从:https://news.baidu.com/finance爬取
2021-02-19 18:04:02 [root] WARNING: 尝试从:https://finance.sina.com.cn/爬取
2021-02-19 18:04:02 [root] WARNING: 尝试从:https://news.baidu.com/finance爬取
2021-02-19 18:05:02 [root] WARNING: 尝试从:https://news.baidu.com/finance爬取
2021-02-19 18:05:02 [root] WARNING: 尝试从:https://finance.sina.com.cn/爬取
2021-02-19 18:05:02 [root] WARNING: 爬取新页面:http://baijiahao.baidu.com/s?id=1692116431964357806,存储了5个tag,455字,数据库id为42987020000000
2021-02-19 18:05:02 [root] WARNING: 爬取新页面:http://baijiahao.baidu.com/s?id=1692116929640613432,存储了8个tag,3863字,数据库id为42987020000001
2021-02-19 18:05:02 [root] WARNING: 爬取新页面:http://baijiahao.baidu.com/s?id=1692116514610779986,存储了8个tag,697字,数据库id为42987020000002
2021-02-19 18:05:02 [root] WARNING: 爬取新页面:http://baijiahao.baidu.com/s?id=1692100922531379651,存储了7个tag,471字,数据库id为42987020000003
2021-02-19 18:05:02 [root] WARNING: 爬取新页面:http://baijiahao.baidu.com/s?id=1692116411752282015,存储了8个tag,699字,数据库id为42987020000004
2021-02-19 18:05:03 [root] WARNING: 爬取新页面:http://baijiahao.baidu.com/s?id=1692116550269808108,存储了9个tag,632字,数据库id为42987030000000
2021-02-19 18:05:03 [root] WARNING: 爬取新页面:http://baijiahao.baidu.com/s?id=1692116400088365666,存储了9个tag,665字,数据库id为42987030000001
2021-02-19 18:05:03 [root] WARNING: 爬取新页面:http://baijiahao.baidu.com/s?id=1692116358223861050,存储了4个tag,882字,数据库id为42987030000002
2021-02-19 18:05:03 [root] WARNING: 爬取新页面:http://baijiahao.baidu.com/s?id=1692116366093027024,存储了8个tag,850字,数据库id为42987030000003
2021-02-19 18:05:03 [root] WARNING: 爬取新页面:http://baijiahao.baidu.com/s?id=1692117138044947302,存储了7个tag,926字,数据库id为42987030000004
2021-02-19 18:05:03 [root] WARNING: 爬取新页面:http://baijiahao.baidu.com/s?id=1692117062584085884,存储了6个tag,767字,数据库id为42987030000005
2021-02-19 18:06:02 [root] WARNING: 尝试从:https://finance.sina.com.cn/爬取
2021-02-19 18:06:02 [root] WARNING: 尝试从:https://news.baidu.com/finance爬取
2021-02-19 18:07:02 [root] WARNING: 尝试从:https://finance.sina.com.cn/爬取
2021-02-19 18:07:02 [root] WARNING: 尝试从:https://news.baidu.com/finance爬取
2021-02-19 18:08:02 [root] WARNING: 尝试从:https://finance.sina.com.cn/爬取
2021-02-19 18:08:02 [root] WARNING: 尝试从:https://news.baidu.com/finance爬取
2021-02-19 18:09:02 [root] WARNING: 尝试从:https://finance.sina.com.cn/爬取
2021-02-19 18:09:03 [root] WARNING: 尝试从:https://news.baidu.com/finance爬取
2021-02-19 18:10:02 [root] WARNING: 尝试从:https://finance.sina.com.cn/爬取
2021-02-19 18:10:02 [root] WARNING: 尝试从:https://news.baidu.com/finance爬取
2021-02-19 18:11:02 [root] WARNING: 尝试从:https://finance.sina.com.cn/爬取
2021-02-19 18:11:02 [root] WARNING: 尝试从:https://news.baidu.com/finance爬取
